# JRE version: Java(TM) SE Runtime Environment 18.9 (11.0.11+9) (build 11.0.11+9-LTS-194)
# Java VM: Java HotSpot(TM) 64-Bit Server VM 18.9 (11.0.11+9-LTS-194, mixed mode, tiered, compressed oops, g1 gc, linux-amd64)
Heap:
 garbage-first heap   total 256000K, used 47595K [0x0000000706c00000, 0x0000000800000000)
  region size 1024K, 42 young (43008K), 4 survivors (4096K)
 Metaspace       used 28565K, capacity 29459K, committed 29564K, reserved 1075200K
  class space    used 3298K, capacity 3652K, committed 3708K, reserved 1048576K
GC Heap History (6 events):
Event: 0,634 GC heap before
{Heap before GC invocations=0 (full 0):
 garbage-first heap   total 256000K, used 24576K [0x0000000706c00000, 0x0000000800000000)
  region size 1024K, 24 young (24576K), 0 survivors (0K)
 Metaspace       used 11853K, capacity 12276K, committed 12416K, reserved 1060864K
  class space    used 1199K, capacity 1340K, committed 1408K, reserved 1048576K
}
Event: 0,639 GC heap after
{Heap after GC invocations=1 (full 0):
 garbage-first heap   total 256000K, used 6688K [0x0000000706c00000, 0x0000000800000000)
  region size 1024K, 3 young (3072K), 3 survivors (3072K)
 Metaspace       used 11853K, capacity 12276K, committed 12416K, reserved 1060864K
  class space    used 1199K, capacity 1340K, committed 1408K, reserved 1048576K
}
Event: 1,433 GC heap before
{Heap before GC invocations=1 (full 0):
 garbage-first heap   total 256000K, used 55840K [0x0000000706c00000, 0x0000000800000000)
  region size 1024K, 52 young (53248K), 3 survivors (3072K)
 Metaspace       used 20472K, capacity 21135K, committed 21248K, reserved 1069056K
  class space    used 2272K, capacity 2536K, committed 2560K, reserved 1048576K
}
Event: 1,440 GC heap after
{Heap after GC invocations=2 (full 0):
 garbage-first heap   total 256000K, used 9262K [0x0000000706c00000, 0x0000000800000000)
  region size 1024K, 6 young (6144K), 6 survivors (6144K)
 Metaspace       used 20472K, capacity 21135K, committed 21248K, reserved 1069056K
  class space    used 2272K, capacity 2536K, committed 2560K, reserved 1048576K
}
Event: 1,807 GC heap before
{Heap before GC invocations=3 (full 0):
 garbage-first heap   total 256000K, used 62510K [0x0000000706c00000, 0x0000000800000000)
  region size 1024K, 59 young (60416K), 6 survivors (6144K)
 Metaspace       used 26703K, capacity 27584K, committed 27772K, reserved 1073152K
  class space    used 3058K, capacity 3409K, committed 3452K, reserved 1048576K
}
Event: 1,816 GC heap after
{Heap after GC invocations=4 (full 0):
 garbage-first heap   total 256000K, used 10731K [0x0000000706c00000, 0x0000000800000000)
  region size 1024K, 4 young (4096K), 4 survivors (4096K)
 Metaspace       used 26703K, capacity 27584K, committed 27772K, reserved 1073152K
  class space    used 3058K, capacity 3409K, committed 3452K, reserved 1048576K
}

